{"/home/debuide/Documents/mars_rover/contants.ts": {"path":"/home/debuide/Documents/mars_rover/contants.ts","statementMap":{"0":{"start":{"line":1,"column":0},"end":{"line":1,"column":null}},"1":{"start":{"line":2,"column":4},"end":{"line":2,"column":null}},"2":{"start":{"line":3,"column":4},"end":{"line":3,"column":null}},"3":{"start":{"line":4,"column":4},"end":{"line":4,"column":null}},"4":{"start":{"line":5,"column":4},"end":{"line":5,"column":null}}},"fnMap":{"0":{"name":"(anonymous_0)","decl":{"start":{"line":1,"column":0},"end":{"line":1,"column":12}},"loc":{"start":{"line":1,"column":22},"end":{"line":6,"column":1}}}},"branchMap":{"0":{"loc":{"start":{"line":1,"column":12},"end":{"line":1,"column":null}},"type":"binary-expr","locations":[{"start":{"line":1,"column":12},"end":{"line":1,"column":22}},{"start":{"line":1,"column":22},"end":{"line":1,"column":null}}]}},"s":{"0":2,"1":2,"2":2,"3":2,"4":2},"f":{"0":2},"b":{"0":[2,2]}}
,"/home/debuide/Documents/mars_rover/explore.ts": {"path":"/home/debuide/Documents/mars_rover/explore.ts","statementMap":{"0":{"start":{"line":1,"column":0},"end":{"line":1,"column":39}},"1":{"start":{"line":3,"column":0},"end":{"line":3,"column":34}},"2":{"start":{"line":5,"column":16},"end":{"line":54,"column":1}},"3":{"start":{"line":6,"column":12},"end":{"line":6,"column":20}},"4":{"start":{"line":7,"column":12},"end":{"line":7,"column":20}},"5":{"start":{"line":8,"column":20},"end":{"line":8,"column":76}},"6":{"start":{"line":9,"column":23},"end":{"line":9,"column":56}},"7":{"start":{"line":10,"column":32},"end":{"line":10,"column":48}},"8":{"start":{"line":11,"column":25},"end":{"line":11,"column":41}},"9":{"start":{"line":12,"column":4},"end":{"line":51,"column":null}},"10":{"start":{"line":13,"column":8},"end":{"line":50,"column":null}},"11":{"start":{"line":14,"column":12},"end":{"line":21,"column":null}},"12":{"start":{"line":15,"column":16},"end":{"line":15,"column":null}},"13":{"start":{"line":16,"column":16},"end":{"line":16,"column":null}},"14":{"start":{"line":19,"column":16},"end":{"line":19,"column":null}},"15":{"start":{"line":20,"column":16},"end":{"line":20,"column":null}},"16":{"start":{"line":23,"column":13},"end":{"line":50,"column":null}},"17":{"start":{"line":24,"column":12},"end":{"line":31,"column":null}},"18":{"start":{"line":25,"column":16},"end":{"line":25,"column":null}},"19":{"start":{"line":26,"column":16},"end":{"line":26,"column":null}},"20":{"start":{"line":29,"column":16},"end":{"line":29,"column":null}},"21":{"start":{"line":30,"column":16},"end":{"line":30,"column":null}},"22":{"start":{"line":34,"column":12},"end":{"line":45,"column":null}},"23":{"start":{"line":35,"column":16},"end":{"line":35,"column":null}},"24":{"start":{"line":37,"column":17},"end":{"line":45,"column":null}},"25":{"start":{"line":38,"column":16},"end":{"line":38,"column":null}},"26":{"start":{"line":40,"column":17},"end":{"line":45,"column":null}},"27":{"start":{"line":41,"column":16},"end":{"line":41,"column":null}},"28":{"start":{"line":44,"column":16},"end":{"line":44,"column":null}},"29":{"start":{"line":46,"column":28},"end":{"line":46,"column":51}},"30":{"start":{"line":47,"column":12},"end":{"line":49,"column":14}},"31":{"start":{"line":48,"column":16},"end":{"line":48,"column":null}},"32":{"start":{"line":53,"column":4},"end":{"line":53,"column":29}},"33":{"start":{"line":58,"column":0},"end":{"line":58,"column":23}}},"fnMap":{"0":{"name":"(anonymous_0)","decl":{"start":{"line":5,"column":16},"end":{"line":5,"column":17}},"loc":{"start":{"line":5,"column":124},"end":{"line":54,"column":1}}},"1":{"name":"(anonymous_1)","decl":{"start":{"line":12,"column":25},"end":{"line":12,"column":26}},"loc":{"start":{"line":12,"column":48},"end":{"line":51,"column":5}}}},"branchMap":{"0":{"loc":{"start":{"line":13,"column":8},"end":{"line":50,"column":null}},"type":"if","locations":[{"start":{"line":13,"column":8},"end":{"line":50,"column":null}},{"start":{"line":23,"column":13},"end":{"line":50,"column":null}}]},"1":{"loc":{"start":{"line":14,"column":12},"end":{"line":21,"column":null}},"type":"if","locations":[{"start":{"line":14,"column":12},"end":{"line":21,"column":null}},{"start":{"line":18,"column":16},"end":{"line":21,"column":null}}]},"2":{"loc":{"start":{"line":23,"column":13},"end":{"line":50,"column":null}},"type":"if","locations":[{"start":{"line":23,"column":13},"end":{"line":50,"column":null}},{"start":{"line":33,"column":13},"end":{"line":50,"column":null}}]},"3":{"loc":{"start":{"line":24,"column":12},"end":{"line":31,"column":null}},"type":"if","locations":[{"start":{"line":24,"column":12},"end":{"line":31,"column":null}},{"start":{"line":28,"column":17},"end":{"line":31,"column":null}}]},"4":{"loc":{"start":{"line":34,"column":12},"end":{"line":45,"column":null}},"type":"if","locations":[{"start":{"line":34,"column":12},"end":{"line":45,"column":null}},{"start":{"line":37,"column":17},"end":{"line":45,"column":null}}]},"5":{"loc":{"start":{"line":37,"column":17},"end":{"line":45,"column":null}},"type":"if","locations":[{"start":{"line":37,"column":17},"end":{"line":45,"column":null}},{"start":{"line":40,"column":17},"end":{"line":45,"column":null}}]},"6":{"loc":{"start":{"line":40,"column":17},"end":{"line":45,"column":null}},"type":"if","locations":[{"start":{"line":40,"column":17},"end":{"line":45,"column":null}},{"start":{"line":43,"column":17},"end":{"line":45,"column":null}}]},"7":{"loc":{"start":{"line":47,"column":12},"end":{"line":49,"column":14}},"type":"if","locations":[{"start":{"line":47,"column":12},"end":{"line":49,"column":14}}]}},"s":{"0":2,"1":2,"2":2,"3":3,"4":3,"5":3,"6":3,"7":3,"8":3,"9":3,"10":19,"11":5,"12":3,"13":3,"14":2,"15":2,"16":14,"17":5,"18":2,"19":2,"20":3,"21":3,"22":9,"23":2,"24":7,"25":1,"26":6,"27":2,"28":4,"29":9,"30":9,"31":1,"32":2,"33":2},"f":{"0":3,"1":19},"b":{"0":[5,14],"1":[3,2],"2":[5,9],"3":[2,3],"4":[2,7],"5":[1,6],"6":[2,4],"7":[1]}}
,"/home/debuide/Documents/mars_rover/plateau.ts": {"path":"/home/debuide/Documents/mars_rover/plateau.ts","statementMap":{"0":{"start":{"line":5,"column":8},"end":{"line":5,"column":29}},"1":{"start":{"line":6,"column":8},"end":{"line":6,"column":null}},"2":{"start":{"line":10,"column":8},"end":{"line":10,"column":32}},"3":{"start":{"line":14,"column":8},"end":{"line":14,"column":32}},"4":{"start":{"line":1,"column":0},"end":{"line":1,"column":21}}},"fnMap":{"0":{"name":"(anonymous_0)","decl":{"start":{"line":4,"column":4},"end":{"line":4,"column":16}},"loc":{"start":{"line":4,"column":35},"end":{"line":7,"column":5}}},"1":{"name":"(anonymous_1)","decl":{"start":{"line":9,"column":4},"end":{"line":9,"column":8}},"loc":{"start":{"line":9,"column":8},"end":{"line":11,"column":5}}},"2":{"name":"(anonymous_2)","decl":{"start":{"line":13,"column":4},"end":{"line":13,"column":8}},"loc":{"start":{"line":13,"column":8},"end":{"line":15,"column":5}}}},"branchMap":{},"s":{"0":5,"1":5,"2":12,"3":12,"4":4},"f":{"0":5,"1":12,"2":12},"b":{}}
,"/home/debuide/Documents/mars_rover/rover.ts": {"path":"/home/debuide/Documents/mars_rover/rover.ts","statementMap":{"0":{"start":{"line":1,"column":0},"end":{"line":1,"column":40}},"1":{"start":{"line":2,"column":0},"end":{"line":2,"column":32}},"2":{"start":{"line":8,"column":8},"end":{"line":8,"column":29}},"3":{"start":{"line":14,"column":8},"end":{"line":14,"column":null}},"4":{"start":{"line":20,"column":8},"end":{"line":20,"column":null}},"5":{"start":{"line":24,"column":34},"end":{"line":24,"column":52}},"6":{"start":{"line":25,"column":8},"end":{"line":25,"column":null}},"7":{"start":{"line":5,"column":0},"end":{"line":5,"column":21}}},"fnMap":{"0":{"name":"(anonymous_0)","decl":{"start":{"line":7,"column":4},"end":{"line":7,"column":16}},"loc":{"start":{"line":7,"column":30},"end":{"line":9,"column":5}}},"1":{"name":"(anonymous_1)","decl":{"start":{"line":12,"column":4},"end":{"line":12,"column":9}},"loc":{"start":{"line":12,"column":9},"end":{"line":15,"column":5}}},"2":{"name":"(anonymous_2)","decl":{"start":{"line":18,"column":4},"end":{"line":18,"column":15}},"loc":{"start":{"line":18,"column":15},"end":{"line":21,"column":5}}},"3":{"name":"(anonymous_3)","decl":{"start":{"line":23,"column":4},"end":{"line":23,"column":8}},"loc":{"start":{"line":23,"column":46},"end":{"line":26,"column":5}}}},"branchMap":{},"s":{"0":1,"1":1,"2":1,"3":1,"4":2,"5":1,"6":1,"7":1},"f":{"0":1,"1":1,"2":2,"3":1},"b":{}}
,"/home/debuide/Documents/mars_rover/validate.ts": {"path":"/home/debuide/Documents/mars_rover/validate.ts","statementMap":{"0":{"start":{"line":3,"column":17},"end":{"line":12,"column":1}},"1":{"start":{"line":4,"column":21},"end":{"line":4,"column":35}},"2":{"start":{"line":5,"column":21},"end":{"line":5,"column":35}},"3":{"start":{"line":6,"column":4},"end":{"line":11,"column":null}},"4":{"start":{"line":7,"column":8},"end":{"line":7,"column":null}},"5":{"start":{"line":10,"column":8},"end":{"line":10,"column":null}},"6":{"start":{"line":14,"column":0},"end":{"line":14,"column":24}}},"fnMap":{"0":{"name":"(anonymous_0)","decl":{"start":{"line":3,"column":17},"end":{"line":3,"column":18}},"loc":{"start":{"line":3,"column":60},"end":{"line":12,"column":1}}}},"branchMap":{"0":{"loc":{"start":{"line":6,"column":4},"end":{"line":11,"column":null}},"type":"if","locations":[{"start":{"line":6,"column":4},"end":{"line":11,"column":null}},{"start":{"line":9,"column":9},"end":{"line":11,"column":null}}]},"1":{"loc":{"start":{"line":6,"column":7},"end":{"line":6,"column":57}},"type":"binary-expr","locations":[{"start":{"line":6,"column":8},"end":{"line":6,"column":20}},{"start":{"line":6,"column":24},"end":{"line":6,"column":29}},{"start":{"line":6,"column":35},"end":{"line":6,"column":47}},{"start":{"line":6,"column":51},"end":{"line":6,"column":56}}]}},"s":{"0":3,"1":11,"2":11,"3":11,"4":2,"5":9,"6":3},"f":{"0":11},"b":{"0":[2,9],"1":[11,11,11,9]}}
}
