{"/home/debuide/Documents/mars_rover/App/Components/Plateau/plateau.ts": {"path":"/home/debuide/Documents/mars_rover/App/Components/Plateau/plateau.ts","statementMap":{"0":{"start":{"line":5,"column":8},"end":{"line":5,"column":29}},"1":{"start":{"line":6,"column":8},"end":{"line":6,"column":null}},"2":{"start":{"line":10,"column":8},"end":{"line":10,"column":32}},"3":{"start":{"line":14,"column":8},"end":{"line":14,"column":32}},"4":{"start":{"line":1,"column":0},"end":{"line":1,"column":21}}},"fnMap":{"0":{"name":"(anonymous_0)","decl":{"start":{"line":4,"column":4},"end":{"line":4,"column":16}},"loc":{"start":{"line":4,"column":35},"end":{"line":7,"column":5}}},"1":{"name":"(anonymous_1)","decl":{"start":{"line":9,"column":4},"end":{"line":9,"column":8}},"loc":{"start":{"line":9,"column":8},"end":{"line":11,"column":5}}},"2":{"name":"(anonymous_2)","decl":{"start":{"line":13,"column":4},"end":{"line":13,"column":8}},"loc":{"start":{"line":13,"column":8},"end":{"line":15,"column":5}}}},"branchMap":{},"s":{"0":5,"1":5,"2":13,"3":13,"4":4},"f":{"0":5,"1":13,"2":13},"b":{}}
,"/home/debuide/Documents/mars_rover/App/Components/Rover/rover.ts": {"path":"/home/debuide/Documents/mars_rover/App/Components/Rover/rover.ts","statementMap":{"0":{"start":{"line":1,"column":0},"end":{"line":1,"column":60}},"1":{"start":{"line":2,"column":0},"end":{"line":2,"column":40}},"2":{"start":{"line":13,"column":12},"end":{"line":13,"column":72}},"3":{"start":{"line":15,"column":8},"end":{"line":15,"column":29}},"4":{"start":{"line":19,"column":8},"end":{"line":19,"column":null}},"5":{"start":{"line":25,"column":8},"end":{"line":25,"column":null}},"6":{"start":{"line":31,"column":8},"end":{"line":31,"column":null}},"7":{"start":{"line":11,"column":0},"end":{"line":11,"column":21}}},"fnMap":{"0":{"name":"(anonymous_0)","decl":{"start":{"line":14,"column":4},"end":{"line":14,"column":16}},"loc":{"start":{"line":14,"column":30},"end":{"line":16,"column":5}}},"1":{"name":"(anonymous_1)","decl":{"start":{"line":18,"column":4},"end":{"line":18,"column":8}},"loc":{"start":{"line":18,"column":46},"end":{"line":20,"column":5}}},"2":{"name":"(anonymous_2)","decl":{"start":{"line":23,"column":4},"end":{"line":23,"column":9}},"loc":{"start":{"line":23,"column":9},"end":{"line":26,"column":5}}},"3":{"name":"(anonymous_3)","decl":{"start":{"line":29,"column":4},"end":{"line":29,"column":13}},"loc":{"start":{"line":29,"column":13},"end":{"line":32,"column":5}}}},"branchMap":{},"s":{"0":1,"1":1,"2":1,"3":1,"4":1,"5":1,"6":1,"7":1},"f":{"0":1,"1":1,"2":1,"3":1},"b":{}}
,"/home/debuide/Documents/mars_rover/App/Components/Rover/methods/explore.ts": {"path":"/home/debuide/Documents/mars_rover/App/Components/Rover/methods/explore.ts","statementMap":{"0":{"start":{"line":1,"column":0},"end":{"line":1,"column":62}},"1":{"start":{"line":4,"column":0},"end":{"line":4,"column":56}},"2":{"start":{"line":6,"column":16},"end":{"line":56,"column":1}},"3":{"start":{"line":7,"column":12},"end":{"line":7,"column":22}},"4":{"start":{"line":8,"column":12},"end":{"line":8,"column":22}},"5":{"start":{"line":9,"column":29},"end":{"line":9,"column":47}},"6":{"start":{"line":10,"column":20},"end":{"line":10,"column":76}},"7":{"start":{"line":11,"column":23},"end":{"line":11,"column":56}},"8":{"start":{"line":12,"column":32},"end":{"line":12,"column":48}},"9":{"start":{"line":13,"column":25},"end":{"line":13,"column":41}},"10":{"start":{"line":14,"column":4},"end":{"line":53,"column":null}},"11":{"start":{"line":15,"column":8},"end":{"line":52,"column":null}},"12":{"start":{"line":16,"column":12},"end":{"line":23,"column":null}},"13":{"start":{"line":17,"column":16},"end":{"line":17,"column":null}},"14":{"start":{"line":18,"column":16},"end":{"line":18,"column":null}},"15":{"start":{"line":21,"column":16},"end":{"line":21,"column":null}},"16":{"start":{"line":22,"column":16},"end":{"line":22,"column":null}},"17":{"start":{"line":25,"column":13},"end":{"line":52,"column":null}},"18":{"start":{"line":26,"column":12},"end":{"line":33,"column":null}},"19":{"start":{"line":27,"column":16},"end":{"line":27,"column":null}},"20":{"start":{"line":28,"column":16},"end":{"line":28,"column":null}},"21":{"start":{"line":31,"column":16},"end":{"line":31,"column":null}},"22":{"start":{"line":32,"column":16},"end":{"line":32,"column":null}},"23":{"start":{"line":36,"column":12},"end":{"line":47,"column":null}},"24":{"start":{"line":37,"column":16},"end":{"line":37,"column":null}},"25":{"start":{"line":39,"column":17},"end":{"line":47,"column":null}},"26":{"start":{"line":40,"column":16},"end":{"line":40,"column":null}},"27":{"start":{"line":42,"column":17},"end":{"line":47,"column":null}},"28":{"start":{"line":43,"column":16},"end":{"line":43,"column":null}},"29":{"start":{"line":46,"column":16},"end":{"line":46,"column":null}},"30":{"start":{"line":48,"column":28},"end":{"line":48,"column":51}},"31":{"start":{"line":49,"column":12},"end":{"line":51,"column":14}},"32":{"start":{"line":50,"column":16},"end":{"line":50,"column":null}},"33":{"start":{"line":55,"column":4},"end":{"line":55,"column":29}},"34":{"start":{"line":60,"column":0},"end":{"line":60,"column":23}}},"fnMap":{"0":{"name":"(anonymous_0)","decl":{"start":{"line":6,"column":16},"end":{"line":6,"column":17}},"loc":{"start":{"line":6,"column":79},"end":{"line":56,"column":1}}},"1":{"name":"(anonymous_1)","decl":{"start":{"line":14,"column":25},"end":{"line":14,"column":26}},"loc":{"start":{"line":14,"column":48},"end":{"line":53,"column":5}}}},"branchMap":{"0":{"loc":{"start":{"line":15,"column":8},"end":{"line":52,"column":null}},"type":"if","locations":[{"start":{"line":15,"column":8},"end":{"line":52,"column":null}},{"start":{"line":25,"column":13},"end":{"line":52,"column":null}}]},"1":{"loc":{"start":{"line":16,"column":12},"end":{"line":23,"column":null}},"type":"if","locations":[{"start":{"line":16,"column":12},"end":{"line":23,"column":null}},{"start":{"line":20,"column":16},"end":{"line":23,"column":null}}]},"2":{"loc":{"start":{"line":25,"column":13},"end":{"line":52,"column":null}},"type":"if","locations":[{"start":{"line":25,"column":13},"end":{"line":52,"column":null}},{"start":{"line":35,"column":13},"end":{"line":52,"column":null}}]},"3":{"loc":{"start":{"line":26,"column":12},"end":{"line":33,"column":null}},"type":"if","locations":[{"start":{"line":26,"column":12},"end":{"line":33,"column":null}},{"start":{"line":30,"column":17},"end":{"line":33,"column":null}}]},"4":{"loc":{"start":{"line":36,"column":12},"end":{"line":47,"column":null}},"type":"if","locations":[{"start":{"line":36,"column":12},"end":{"line":47,"column":null}},{"start":{"line":39,"column":17},"end":{"line":47,"column":null}}]},"5":{"loc":{"start":{"line":39,"column":17},"end":{"line":47,"column":null}},"type":"if","locations":[{"start":{"line":39,"column":17},"end":{"line":47,"column":null}},{"start":{"line":42,"column":17},"end":{"line":47,"column":null}}]},"6":{"loc":{"start":{"line":42,"column":17},"end":{"line":47,"column":null}},"type":"if","locations":[{"start":{"line":42,"column":17},"end":{"line":47,"column":null}},{"start":{"line":45,"column":17},"end":{"line":47,"column":null}}]},"7":{"loc":{"start":{"line":49,"column":12},"end":{"line":51,"column":14}},"type":"if","locations":[{"start":{"line":49,"column":12},"end":{"line":51,"column":14}}]}},"s":{"0":2,"1":2,"2":2,"3":3,"4":3,"5":3,"6":3,"7":3,"8":3,"9":3,"10":3,"11":21,"12":6,"13":3,"14":3,"15":3,"16":3,"17":15,"18":5,"19":1,"20":1,"21":4,"22":4,"23":10,"24":2,"25":8,"26":1,"27":7,"28":3,"29":4,"30":10,"31":10,"32":1,"33":2,"34":2},"f":{"0":3,"1":21},"b":{"0":[6,15],"1":[3,3],"2":[5,10],"3":[1,4],"4":[2,8],"5":[1,7],"6":[3,4],"7":[1]}}
,"/home/debuide/Documents/mars_rover/App/Utils/Constants/contants.ts": {"path":"/home/debuide/Documents/mars_rover/App/Utils/Constants/contants.ts","statementMap":{"0":{"start":{"line":1,"column":0},"end":{"line":1,"column":null}},"1":{"start":{"line":2,"column":4},"end":{"line":2,"column":null}},"2":{"start":{"line":3,"column":4},"end":{"line":3,"column":null}},"3":{"start":{"line":4,"column":4},"end":{"line":4,"column":null}},"4":{"start":{"line":5,"column":4},"end":{"line":5,"column":null}}},"fnMap":{"0":{"name":"(anonymous_0)","decl":{"start":{"line":1,"column":0},"end":{"line":1,"column":12}},"loc":{"start":{"line":1,"column":22},"end":{"line":6,"column":1}}}},"branchMap":{"0":{"loc":{"start":{"line":1,"column":12},"end":{"line":1,"column":null}},"type":"binary-expr","locations":[{"start":{"line":1,"column":12},"end":{"line":1,"column":22}},{"start":{"line":1,"column":22},"end":{"line":1,"column":null}}]}},"s":{"0":2,"1":2,"2":2,"3":2,"4":2},"f":{"0":2},"b":{"0":[2,2]}}
,"/home/debuide/Documents/mars_rover/App/Utils/Validate/validate.ts": {"path":"/home/debuide/Documents/mars_rover/App/Utils/Validate/validate.ts","statementMap":{"0":{"start":{"line":3,"column":17},"end":{"line":12,"column":1}},"1":{"start":{"line":4,"column":21},"end":{"line":4,"column":35}},"2":{"start":{"line":5,"column":21},"end":{"line":5,"column":35}},"3":{"start":{"line":6,"column":4},"end":{"line":11,"column":null}},"4":{"start":{"line":7,"column":8},"end":{"line":7,"column":null}},"5":{"start":{"line":10,"column":8},"end":{"line":10,"column":null}},"6":{"start":{"line":14,"column":0},"end":{"line":14,"column":24}}},"fnMap":{"0":{"name":"(anonymous_0)","decl":{"start":{"line":3,"column":17},"end":{"line":3,"column":18}},"loc":{"start":{"line":3,"column":60},"end":{"line":12,"column":1}}}},"branchMap":{"0":{"loc":{"start":{"line":6,"column":4},"end":{"line":11,"column":null}},"type":"if","locations":[{"start":{"line":6,"column":4},"end":{"line":11,"column":null}},{"start":{"line":9,"column":9},"end":{"line":11,"column":null}}]},"1":{"loc":{"start":{"line":6,"column":7},"end":{"line":6,"column":57}},"type":"binary-expr","locations":[{"start":{"line":6,"column":8},"end":{"line":6,"column":20}},{"start":{"line":6,"column":24},"end":{"line":6,"column":29}},{"start":{"line":6,"column":35},"end":{"line":6,"column":47}},{"start":{"line":6,"column":51},"end":{"line":6,"column":56}}]}},"s":{"0":3,"1":12,"2":12,"3":12,"4":2,"5":10,"6":3},"f":{"0":12},"b":{"0":[2,10],"1":[12,12,12,10]}}
}
